Flow report for syn_fpga_top
Sun Dec 16 01:46:20 2012
Quartus II 32-bit Version 11.1 Build 259 01/25/2012 Service Pack 2.11 SJ Web Edition


---------------------
; Table of Contents ;
---------------------
  1. Legal Notice
  2. Flow Summary
  3. Flow Settings
  4. Flow Non-Default Global Settings
  5. Flow Elapsed Time
  6. Flow OS Summary
  7. Flow Log



----------------
; Legal Notice ;
----------------
Copyright (C) 1991-2011 Altera Corporation
Your use of Altera Corporation's design tools, logic functions 
and other software and tools, and its AMPP partner logic 
functions, and any output files from any of the foregoing 
(including device programming or simulation files), and any 
associated documentation or information are expressly subject 
to the terms and conditions of the Altera Program License 
Subscription Agreement, Altera MegaCore Function License 
Agreement, or other applicable license agreement, including, 
without limitation, that your use is for the sole purpose of 
programming logic devices manufactured by Altera and sold by 
Altera or its authorized distributors.  Please refer to the 
applicable agreement for further details.



+---------------------------------------------------------------------------------------+
; Flow Summary                                                                          ;
+------------------------------------+--------------------------------------------------+
; Flow Status                        ; Successful - Sun Dec 16 01:45:41 2012            ;
; Quartus II 32-bit Version          ; 11.1 Build 259 01/25/2012 SP 2.11 SJ Web Edition ;
; Revision Name                      ; syn_fpga_top                                     ;
; Top-level Entity Name              ; syn_fpga_top                                     ;
; Family                             ; Cyclone II                                       ;
; Device                             ; EP2C20F484C7                                     ;
; Timing Models                      ; Final                                            ;
; Total logic elements               ; 9,690 / 18,752 ( 52 % )                          ;
;     Total combinational functions  ; 8,345 / 18,752 ( 45 % )                          ;
;     Dedicated logic registers      ; 6,161 / 18,752 ( 33 % )                          ;
; Total registers                    ; 6296                                             ;
; Total pins                         ; 146 / 315 ( 46 % )                               ;
; Total virtual pins                 ; 0                                                ;
; Total memory bits                  ; 107,904 / 239,616 ( 45 % )                       ;
; Embedded Multiplier 9-bit elements ; 32 / 52 ( 62 % )                                 ;
; Total PLLs                         ; 2 / 4 ( 50 % )                                   ;
+------------------------------------+--------------------------------------------------+


+-----------------------------------------+
; Flow Settings                           ;
+-------------------+---------------------+
; Option            ; Setting             ;
+-------------------+---------------------+
; Start date & time ; 12/16/2012 01:37:02 ;
; Main task         ; Compilation         ;
; Revision Name     ; syn_fpga_top        ;
+-------------------+---------------------+


+------------------------------------------------------------------------------------------------------------------------+
; Flow Non-Default Global Settings                                                                                       ;
+-------------------------------------+---------------------------------------+---------------+-------------+------------+
; Assignment Name                     ; Value                                 ; Default Value ; Entity Name ; Section Id ;
+-------------------------------------+---------------------------------------+---------------+-------------+------------+
; COMPILER_SIGNATURE_ID               ; 151619312977.135560201604652          ; --            ; --          ; --         ;
; CYCLONE_OPTIMIZATION_TECHNIQUE      ; Speed                                 ; Balanced      ; --          ; --         ;
; FITTER_EFFORT                       ; Standard Fit                          ; Auto Fit      ; --          ; --         ;
; FMAX_REQUIREMENT                    ; 100 MHz                               ; --            ; --          ; --         ;
; MAX_CORE_JUNCTION_TEMP              ; 85                                    ; --            ; --          ; --         ;
; MIN_CORE_JUNCTION_TEMP              ; 0                                     ; --            ; --          ; --         ;
; PARTITION_COLOR                     ; 16764057                              ; --            ; --          ; Top        ;
; PARTITION_FITTER_PRESERVATION_LEVEL ; PLACEMENT_AND_ROUTING                 ; --            ; --          ; Top        ;
; PARTITION_NETLIST_TYPE              ; SOURCE                                ; --            ; --          ; Top        ;
; POWER_BOARD_THERMAL_MODEL           ; None (CONSERVATIVE)                   ; --            ; --          ; --         ;
; POWER_PRESET_COOLING_SOLUTION       ; 23 MM HEAT SINK WITH 200 LFPM AIRFLOW ; --            ; --          ; --         ;
; SEARCH_PATH                         ; ../rtl/visual_cortex                  ; --            ; --          ; --         ;
; SEARCH_PATH                         ; ../rtl/fusiform_gyrus                 ; --            ; --          ; --         ;
; SEARCH_PATH                         ; ../rtl/audio_cortex                   ; --            ; --          ; --         ;
; SEARCH_PATH                         ; ../rtl/altera                         ; --            ; --          ; --         ;
; SEARCH_PATH                         ; ./limbus_sys/synthesis                ; --            ; --          ; --         ;
; SEARCH_PATH                         ; ./limbus_sys/synthesis/submodules     ; --            ; --          ; --         ;
; SEED                                ; 3                                     ; 1             ; --          ; --         ;
; TIMEQUEST_DO_CCPP_REMOVAL           ; On                                    ; Off           ; --          ; --         ;
+-------------------------------------+---------------------------------------+---------------+-------------+------------+


+-------------------------------------------------------------------------------------------------------------------------------+
; Flow Elapsed Time                                                                                                             ;
+---------------------------+--------------+-------------------------+---------------------+------------------------------------+
; Module Name               ; Elapsed Time ; Average Processors Used ; Peak Virtual Memory ; Total CPU Time (on all processors) ;
+---------------------------+--------------+-------------------------+---------------------+------------------------------------+
; Analysis & Synthesis      ; 00:03:12     ; 1.0                     ; 469 MB              ; 00:02:52                           ;
; Fitter                    ; 00:04:51     ; 1.0                     ; 474 MB              ; 00:04:32                           ;
; Assembler                 ; 00:00:09     ; 1.0                     ; 321 MB              ; 00:00:08                           ;
; TimeQuest Timing Analyzer ; 00:00:48     ; 1.0                     ; 369 MB              ; 00:00:39                           ;
; Total                     ; 00:09:00     ; --                      ; --                  ; 00:08:11                           ;
+---------------------------+--------------+-------------------------+---------------------+------------------------------------+


+----------------------------------------------------------------------------------------+
; Flow OS Summary                                                                        ;
+---------------------------+------------------+-----------+------------+----------------+
; Module Name               ; Machine Hostname ; OS Name   ; OS Version ; Processor type ;
+---------------------------+------------------+-----------+------------+----------------+
; Analysis & Synthesis      ; psych            ; Windows 7 ; 6.1        ; x86_64         ;
; Fitter                    ; psych            ; Windows 7 ; 6.1        ; x86_64         ;
; Assembler                 ; psych            ; Windows 7 ; 6.1        ; x86_64         ;
; TimeQuest Timing Analyzer ; psych            ; Windows 7 ; 6.1        ; x86_64         ;
+---------------------------+------------------+-----------+------------+----------------+


------------
; Flow Log ;
------------
quartus_map --read_settings_files=on --write_settings_files=off syn_fpga_top -c syn_fpga_top
quartus_fit --read_settings_files=off --write_settings_files=off syn_fpga_top -c syn_fpga_top
quartus_asm --read_settings_files=off --write_settings_files=off syn_fpga_top -c syn_fpga_top
quartus_sta syn_fpga_top -c syn_fpga_top



